0 info it worked if it ends with ok
1 verbose cli [ '/usr/local/Cellar/node/7.7.3/bin/node',
1 verbose cli   '/usr/local/bin/npm',
1 verbose cli   'start',
1 verbose cli   '3001' ]
2 info using npm@4.1.2
3 info using node@v7.7.3
4 verbose run-script [ 'prestart', 'start', 'poststart' ]
5 info lifecycle generatedapp@0.0.0~prestart: generatedapp@0.0.0
6 silly lifecycle generatedapp@0.0.0~prestart: no script for prestart, continuing
7 info lifecycle generatedapp@0.0.0~start: generatedapp@0.0.0
8 verbose lifecycle generatedapp@0.0.0~start: unsafe-perm in lifecycle true
9 verbose lifecycle generatedapp@0.0.0~start: PATH: /usr/local/lib/node_modules/npm/bin/node-gyp-bin:/Users/amadeu/Work/Coursera/hong-kong-web-fullstack/examples/server-express-generated/node_modules/.bin:/Applications/Sublime Text.app/Contents/SharedSupport/bin:/Applications/Inkscape.app/Contents/Resources/bin:/Applications/VLC.app/Contents/MacOS:/usr/local/bin:/usr/bin:/bin:/usr/sbin:/sbin:/opt/X11/bin:/Library/TeX/texbin
10 verbose lifecycle generatedapp@0.0.0~start: CWD: /Users/amadeu/Work/Coursera/hong-kong-web-fullstack/examples/server-express-generated
11 silly lifecycle generatedapp@0.0.0~start: Args: [ '-c', 'node ./bin/www "3001"' ]
12 silly lifecycle generatedapp@0.0.0~start: Returned: code: 1  signal: null
13 info lifecycle generatedapp@0.0.0~start: Failed to exec start script
14 verbose stack Error: generatedapp@0.0.0 start: `node ./bin/www "3001"`
14 verbose stack Exit status 1
14 verbose stack     at EventEmitter.<anonymous> (/usr/local/lib/node_modules/npm/lib/utils/lifecycle.js:279:16)
14 verbose stack     at emitTwo (events.js:106:13)
14 verbose stack     at EventEmitter.emit (events.js:194:7)
14 verbose stack     at ChildProcess.<anonymous> (/usr/local/lib/node_modules/npm/lib/utils/spawn.js:40:14)
14 verbose stack     at emitTwo (events.js:106:13)
14 verbose stack     at ChildProcess.emit (events.js:194:7)
14 verbose stack     at maybeClose (internal/child_process.js:899:16)
14 verbose stack     at Process.ChildProcess._handle.onexit (internal/child_process.js:226:5)
15 verbose pkgid generatedapp@0.0.0
16 verbose cwd /Users/amadeu/Work/Coursera/hong-kong-web-fullstack/examples/server-express-generated
17 error Darwin 15.6.0
18 error argv "/usr/local/Cellar/node/7.7.3/bin/node" "/usr/local/bin/npm" "start" "3001"
19 error node v7.7.3
20 error npm  v4.1.2
21 error code ELIFECYCLE
22 error generatedapp@0.0.0 start: `node ./bin/www "3001"`
22 error Exit status 1
23 error Failed at the generatedapp@0.0.0 start script 'node ./bin/www "3001"'.
23 error Make sure you have the latest version of node.js and npm installed.
23 error If you do, this is most likely a problem with the generatedapp package,
23 error not with npm itself.
23 error Tell the author that this fails on your system:
23 error     node ./bin/www "3001"
23 error You can get information on how to open an issue for this project with:
23 error     npm bugs generatedapp
23 error Or if that isn't available, you can get their info via:
23 error     npm owner ls generatedapp
23 error There is likely additional logging output above.
24 verbose exit [ 1, true ]
